[debug] [2021-07-15T12:46:29.810Z] ----------------------------------------------------------------------
[debug] [2021-07-15T12:46:29.813Z] Command:       C:\Program Files\nodejs\node.exe C:\Users\inep\AppData\Roaming\npm\node_modules\firebase-tools\lib\bin\firebase.js init
[debug] [2021-07-15T12:46:29.814Z] CLI Version:   9.16.0
[debug] [2021-07-15T12:46:29.814Z] Platform:      win32
[debug] [2021-07-15T12:46:29.814Z] Node Version:  v14.17.0
[debug] [2021-07-15T12:46:29.815Z] Time:          Thu Jul 15 2021 15:46:29 GMT+0300 (Eastern European Summer Time)
[debug] [2021-07-15T12:46:29.816Z] ----------------------------------------------------------------------
[debug] 
[debug] [2021-07-15T12:46:29.881Z] > command requires scopes: ["email","openid","https://www.googleapis.com/auth/cloudplatformprojects.readonly","https://www.googleapis.com/auth/firebase","https://www.googleapis.com/auth/cloud-platform"]
[debug] [2021-07-15T12:46:29.881Z] > authorizing via signed-in user (igornesan@gmail.com)
[info] 
     ######## #### ########  ######## ########     ###     ######  ########
     ##        ##  ##     ## ##       ##     ##  ##   ##  ##       ##
     ######    ##  ########  ######   ########  #########  ######  ######
     ##        ##  ##    ##  ##       ##     ## ##     ##       ## ##
     ##       #### ##     ## ######## ########  ##     ##  ######  ########

You're about to initialize a Firebase project in this directory:

  C:\DiscF\HOMEWORK\Angular\Projects\clientpanel

Before we get started, keep in mind:

  * You are currently outside your home directory
  * You are initializing within an existing Firebase project directory

[info] 
=== Project Setup
[info] 
[info] First, let's associate this project directory with a Firebase project.
[info] You can create multiple project aliases by running firebase use --add, 
[info] but for now we'll just set up a default project.
[info] 
[info] i  .firebaserc already has a default project, using clientpanelprod-44302. 
[debug] [2021-07-15T12:46:52.007Z] > refreshing access token with scopes: []
[debug] [2021-07-15T12:46:52.007Z] >>> HTTP REQUEST POST https://www.googleapis.com/oauth2/v3/token  
 <request body omitted>
[debug] [2021-07-15T12:46:52.242Z] <<< HTTP RESPONSE 200 {"expires":"Mon, 01 Jan 1990 00:00:00 GMT","cache-control":"no-cache, no-store, max-age=0, must-revalidate","pragma":"no-cache","date":"Thu, 15 Jul 2021 12:46:51 GMT","content-type":"application/json; charset=utf-8","vary":"X-Origin, Referer, Origin,Accept-Encoding","server":"scaffolding on HTTPServer2","x-xss-protection":"0","x-frame-options":"SAMEORIGIN","x-content-type-options":"nosniff","alt-svc":"h3=\":443\"; ma=2592000,h3-29=\":443\"; ma=2592000,h3-T051=\":443\"; ma=2592000,h3-Q050=\":443\"; ma=2592000,h3-Q046=\":443\"; ma=2592000,h3-Q043=\":443\"; ma=2592000,quic=\":443\"; ma=2592000; v=\"46,43\"","accept-ranges":"none","transfer-encoding":"chunked"}
[debug] [2021-07-15T12:46:52.278Z] >>> [apiv2][query] GET https://firebase.googleapis.com/v1beta1/projects/clientpanelprod-44302 [none]
[debug] [2021-07-15T12:46:52.681Z] <<< [apiv2][status] GET https://firebase.googleapis.com/v1beta1/projects/clientpanelprod-44302 200
[debug] [2021-07-15T12:46:52.681Z] <<< [apiv2][body] GET https://firebase.googleapis.com/v1beta1/projects/clientpanelprod-44302 {"projectId":"clientpanelprod-44302","projectNumber":"234921443669","displayName":"clientpanelprod","name":"projects/clientpanelprod-44302","resources":{"hostingSite":"clientpanelprod-44302","storageBucket":"clientpanelprod-44302.appspot.com","locationId":"europe-central2"},"state":"ACTIVE"}
[info] 
=== Firestore Setup
[debug] [2021-07-15T12:46:52.685Z] > refreshing access token with scopes: ["email","https://www.googleapis.com/auth/cloud-platform","https://www.googleapis.com/auth/cloudplatformprojects.readonly","https://www.googleapis.com/auth/firebase","openid"]
[debug] [2021-07-15T12:46:52.685Z] >>> HTTP REQUEST POST https://www.googleapis.com/oauth2/v3/token  
 <request body omitted>
[debug] [2021-07-15T12:46:52.847Z] <<< HTTP RESPONSE 200 {"expires":"Mon, 01 Jan 1990 00:00:00 GMT","pragma":"no-cache","date":"Thu, 15 Jul 2021 12:46:52 GMT","cache-control":"no-cache, no-store, max-age=0, must-revalidate","content-type":"application/json; charset=utf-8","vary":"X-Origin, Referer, Origin,Accept-Encoding","server":"scaffolding on HTTPServer2","x-xss-protection":"0","x-frame-options":"SAMEORIGIN","x-content-type-options":"nosniff","alt-svc":"h3=\":443\"; ma=2592000,h3-29=\":443\"; ma=2592000,h3-T051=\":443\"; ma=2592000,h3-Q050=\":443\"; ma=2592000,h3-Q046=\":443\"; ma=2592000,h3-Q043=\":443\"; ma=2592000,quic=\":443\"; ma=2592000; v=\"46,43\"","accept-ranges":"none","transfer-encoding":"chunked"}
[debug] [2021-07-15T12:46:52.883Z] >>> HTTP REQUEST GET https://serviceusage.googleapis.com/v1/projects/clientpanelprod-44302/services/firestore.googleapis.com  
 
[debug] [2021-07-15T12:46:53.921Z] <<< HTTP RESPONSE 200 {"content-type":"application/json; charset=UTF-8","vary":"X-Origin, Referer, Origin,Accept-Encoding","date":"Thu, 15 Jul 2021 12:46:53 GMT","server":"ESF","cache-control":"private","x-xss-protection":"0","x-frame-options":"SAMEORIGIN","x-content-type-options":"nosniff","alt-svc":"h3=\":443\"; ma=2592000,h3-29=\":443\"; ma=2592000,h3-T051=\":443\"; ma=2592000,h3-Q050=\":443\"; ma=2592000,h3-Q046=\":443\"; ma=2592000,h3-Q043=\":443\"; ma=2592000,quic=\":443\"; ma=2592000; v=\"46,43\"","accept-ranges":"none","transfer-encoding":"chunked"}
[debug] [2021-07-15T12:46:53.924Z] >>> HTTP REQUEST GET https://appengine.googleapis.com/v1/apps/clientpanelprod-44302  
 
[debug] [2021-07-15T12:46:54.264Z] <<< HTTP RESPONSE 200 {"content-type":"application/json; charset=UTF-8","vary":"X-Origin, Referer, Origin,Accept-Encoding","date":"Thu, 15 Jul 2021 12:46:53 GMT","server":"ESF","cache-control":"private","x-xss-protection":"0","x-frame-options":"SAMEORIGIN","x-content-type-options":"nosniff","alt-svc":"h3=\":443\"; ma=2592000,h3-29=\":443\"; ma=2592000,h3-T051=\":443\"; ma=2592000,h3-Q050=\":443\"; ma=2592000,h3-Q046=\":443\"; ma=2592000,h3-Q043=\":443\"; ma=2592000,quic=\":443\"; ma=2592000; v=\"46,43\"","accept-ranges":"none","transfer-encoding":"chunked"}
[debug] [2021-07-15T12:46:54.265Z] database_type: CLOUD_FIRESTORE
[debug] [2021-07-15T12:46:54.267Z] > command requires scopes: ["email","openid","https://www.googleapis.com/auth/cloudplatformprojects.readonly","https://www.googleapis.com/auth/firebase","https://www.googleapis.com/auth/cloud-platform"]
[debug] [2021-07-15T12:46:54.267Z] > authorizing via signed-in user (igornesan@gmail.com)
[debug] [2021-07-15T12:46:54.268Z] [iam] checking project clientpanelprod-44302 for permissions ["firebase.projects.get"]
[debug] [2021-07-15T12:46:54.269Z] >>> HTTP REQUEST POST https://cloudresourcemanager.googleapis.com/v1/projects/clientpanelprod-44302:testIamPermissions  
 {"permissions":["firebase.projects.get"]}
[debug] [2021-07-15T12:46:55.101Z] <<< HTTP RESPONSE 200 {"content-type":"application/json; charset=UTF-8","vary":"X-Origin, Referer, Origin,Accept-Encoding","date":"Thu, 15 Jul 2021 12:46:54 GMT","server":"ESF","cache-control":"private","x-xss-protection":"0","x-frame-options":"SAMEORIGIN","x-content-type-options":"nosniff","server-timing":"gfet4t7; dur=673","alt-svc":"h3=\":443\"; ma=2592000,h3-29=\":443\"; ma=2592000,h3-T051=\":443\"; ma=2592000,h3-Q050=\":443\"; ma=2592000,h3-Q046=\":443\"; ma=2592000,h3-Q043=\":443\"; ma=2592000,quic=\":443\"; ma=2592000; v=\"46,43\"","accept-ranges":"none","transfer-encoding":"chunked"}
[info] 
[info] Firestore Security Rules allow you to define how and when to allow
[info] requests. You can keep these rules in your project directory
[info] and publish them with firebase deploy.
[info] 
[debug] [2021-07-15T12:47:03.249Z] >>> HTTP REQUEST GET https://firebaserules.googleapis.com/v1/projects/clientpanelprod-44302/releases?pageSize=10&pageToken=  
 
[debug] [2021-07-15T12:47:04.034Z] <<< HTTP RESPONSE 200 {"content-type":"application/json; charset=UTF-8","vary":"X-Origin, Referer, Origin,Accept-Encoding","date":"Thu, 15 Jul 2021 12:47:03 GMT","server":"ESF","cache-control":"private","x-xss-protection":"0","x-frame-options":"SAMEORIGIN","x-content-type-options":"nosniff","alt-svc":"h3=\":443\"; ma=2592000,h3-29=\":443\"; ma=2592000,h3-T051=\":443\"; ma=2592000,h3-Q050=\":443\"; ma=2592000,h3-Q046=\":443\"; ma=2592000,h3-Q043=\":443\"; ma=2592000,quic=\":443\"; ma=2592000; v=\"46,43\"","accept-ranges":"none","transfer-encoding":"chunked"}
[debug] [2021-07-15T12:47:04.037Z] Found ruleset: projects/clientpanelprod-44302/rulesets/416a31dc-e02d-43c4-85c7-2a777aa0c3d8
[debug] [2021-07-15T12:47:04.038Z] >>> HTTP REQUEST GET https://firebaserules.googleapis.com/v1/projects/clientpanelprod-44302/rulesets/416a31dc-e02d-43c4-85c7-2a777aa0c3d8  
 
[debug] [2021-07-15T12:47:04.953Z] <<< HTTP RESPONSE 200 {"content-type":"application/json; charset=UTF-8","vary":"X-Origin, Referer, Origin,Accept-Encoding","date":"Thu, 15 Jul 2021 12:47:04 GMT","server":"ESF","cache-control":"private","x-xss-protection":"0","x-frame-options":"SAMEORIGIN","x-content-type-options":"nosniff","alt-svc":"h3=\":443\"; ma=2592000,h3-29=\":443\"; ma=2592000,h3-T051=\":443\"; ma=2592000,h3-Q050=\":443\"; ma=2592000,h3-Q046=\":443\"; ma=2592000,h3-Q043=\":443\"; ma=2592000,quic=\":443\"; ma=2592000; v=\"46,43\"","accept-ranges":"none","transfer-encoding":"chunked"}
[debug] [2021-07-15T12:47:04.957Z] Error: EISDIR: illegal operation on a directory, open 'C:\DiscF\HOMEWORK\Angular\Projects\clientpanel'
    at Object.openSync (fs.js:498:3)
    at Object.writeFileSync (fs.js:1524:35)
    at Object.createFileSync (C:\Users\inep\AppData\Roaming\npm\node_modules\firebase-tools\node_modules\fs-extra\lib\ensure\file.js:43:6)
    at Config.writeProjectFile (C:\Users\inep\AppData\Roaming\npm\node_modules\firebase-tools\lib\config.js:144:12)
    at C:\Users\inep\AppData\Roaming\npm\node_modules\firebase-tools\lib\init\features\firestore\rules.js:50:27
    at processTicksAndRejections (internal/process/task_queues.js:95:5)
    at async Object.doSetup [as firestore] (C:\Users\inep\AppData\Roaming\npm\node_modules\firebase-tools\lib\init\features\firestore\index.js:35:5)
    at async init (C:\Users\inep\AppData\Roaming\npm\node_modules\firebase-tools\lib\init\index.js:19:9)
[error] 
[error] Error: An unexpected error has occurred.
[debug] [2021-07-15T12:47:11.266Z] ----------------------------------------------------------------------
[debug] [2021-07-15T12:47:11.268Z] Command:       C:\Program Files\nodejs\node.exe C:\Users\inep\AppData\Roaming\npm\node_modules\firebase-tools\lib\bin\firebase.js init
[debug] [2021-07-15T12:47:11.269Z] CLI Version:   9.16.0
[debug] [2021-07-15T12:47:11.269Z] Platform:      win32
[debug] [2021-07-15T12:47:11.269Z] Node Version:  v14.17.0
[debug] [2021-07-15T12:47:11.271Z] Time:          Thu Jul 15 2021 15:47:11 GMT+0300 (Eastern European Summer Time)
[debug] [2021-07-15T12:47:11.271Z] ----------------------------------------------------------------------
[debug] 
[debug] [2021-07-15T12:47:11.333Z] > command requires scopes: ["email","openid","https://www.googleapis.com/auth/cloudplatformprojects.readonly","https://www.googleapis.com/auth/firebase","https://www.googleapis.com/auth/cloud-platform"]
[debug] [2021-07-15T12:47:11.334Z] > authorizing via signed-in user (igornesan@gmail.com)
[info] 
     ######## #### ########  ######## ########     ###     ######  ########
     ##        ##  ##     ## ##       ##     ##  ##   ##  ##       ##
     ######    ##  ########  ######   ########  #########  ######  ######
     ##        ##  ##    ##  ##       ##     ## ##     ##       ## ##
     ##       #### ##     ## ######## ########  ##     ##  ######  ########

You're about to initialize a Firebase project in this directory:

  C:\DiscF\HOMEWORK\Angular\Projects\clientpanel

Before we get started, keep in mind:

  * You are currently outside your home directory
  * You are initializing within an existing Firebase project directory

[info] 
=== Project Setup
[info] 
[info] First, let's associate this project directory with a Firebase project.
[info] You can create multiple project aliases by running firebase use --add, 
[info] but for now we'll just set up a default project.
[info] 
[info] i  .firebaserc already has a default project, using clientpanelprod-44302. 
[debug] [2021-07-15T12:47:20.374Z] > refreshing access token with scopes: []
[debug] [2021-07-15T12:47:20.374Z] >>> HTTP REQUEST POST https://www.googleapis.com/oauth2/v3/token  
 <request body omitted>
[debug] [2021-07-15T12:47:20.588Z] <<< HTTP RESPONSE 200 {"date":"Thu, 15 Jul 2021 12:47:20 GMT","cache-control":"no-cache, no-store, max-age=0, must-revalidate","pragma":"no-cache","expires":"Mon, 01 Jan 1990 00:00:00 GMT","content-type":"application/json; charset=utf-8","vary":"X-Origin, Referer, Origin,Accept-Encoding","server":"scaffolding on HTTPServer2","x-xss-protection":"0","x-frame-options":"SAMEORIGIN","x-content-type-options":"nosniff","alt-svc":"h3=\":443\"; ma=2592000,h3-29=\":443\"; ma=2592000,h3-T051=\":443\"; ma=2592000,h3-Q050=\":443\"; ma=2592000,h3-Q046=\":443\"; ma=2592000,h3-Q043=\":443\"; ma=2592000,quic=\":443\"; ma=2592000; v=\"46,43\"","accept-ranges":"none","transfer-encoding":"chunked"}
[debug] [2021-07-15T12:47:20.628Z] >>> [apiv2][query] GET https://firebase.googleapis.com/v1beta1/projects/clientpanelprod-44302 [none]
[debug] [2021-07-15T12:47:20.889Z] <<< [apiv2][status] GET https://firebase.googleapis.com/v1beta1/projects/clientpanelprod-44302 200
[debug] [2021-07-15T12:47:20.889Z] <<< [apiv2][body] GET https://firebase.googleapis.com/v1beta1/projects/clientpanelprod-44302 {"projectId":"clientpanelprod-44302","projectNumber":"234921443669","displayName":"clientpanelprod","name":"projects/clientpanelprod-44302","resources":{"hostingSite":"clientpanelprod-44302","storageBucket":"clientpanelprod-44302.appspot.com","locationId":"europe-central2"},"state":"ACTIVE"}
[info] 
=== Firestore Setup
[debug] [2021-07-15T12:47:20.893Z] > refreshing access token with scopes: ["email","https://www.googleapis.com/auth/cloud-platform","https://www.googleapis.com/auth/cloudplatformprojects.readonly","https://www.googleapis.com/auth/firebase","openid"]
[debug] [2021-07-15T12:47:20.893Z] >>> HTTP REQUEST POST https://www.googleapis.com/oauth2/v3/token  
 <request body omitted>
[debug] [2021-07-15T12:47:21.064Z] <<< HTTP RESPONSE 200 {"expires":"Mon, 01 Jan 1990 00:00:00 GMT","date":"Thu, 15 Jul 2021 12:47:20 GMT","pragma":"no-cache","cache-control":"no-cache, no-store, max-age=0, must-revalidate","content-type":"application/json; charset=utf-8","vary":"X-Origin, Referer, Origin,Accept-Encoding","server":"scaffolding on HTTPServer2","x-xss-protection":"0","x-frame-options":"SAMEORIGIN","x-content-type-options":"nosniff","alt-svc":"h3=\":443\"; ma=2592000,h3-29=\":443\"; ma=2592000,h3-T051=\":443\"; ma=2592000,h3-Q050=\":443\"; ma=2592000,h3-Q046=\":443\"; ma=2592000,h3-Q043=\":443\"; ma=2592000,quic=\":443\"; ma=2592000; v=\"46,43\"","accept-ranges":"none","transfer-encoding":"chunked"}
[debug] [2021-07-15T12:47:21.088Z] >>> HTTP REQUEST GET https://serviceusage.googleapis.com/v1/projects/clientpanelprod-44302/services/firestore.googleapis.com  
 
[debug] [2021-07-15T12:47:22.112Z] <<< HTTP RESPONSE 200 {"content-type":"application/json; charset=UTF-8","vary":"X-Origin, Referer, Origin,Accept-Encoding","date":"Thu, 15 Jul 2021 12:47:21 GMT","server":"ESF","cache-control":"private","x-xss-protection":"0","x-frame-options":"SAMEORIGIN","x-content-type-options":"nosniff","alt-svc":"h3=\":443\"; ma=2592000,h3-29=\":443\"; ma=2592000,h3-T051=\":443\"; ma=2592000,h3-Q050=\":443\"; ma=2592000,h3-Q046=\":443\"; ma=2592000,h3-Q043=\":443\"; ma=2592000,quic=\":443\"; ma=2592000; v=\"46,43\"","accept-ranges":"none","transfer-encoding":"chunked"}
[debug] [2021-07-15T12:47:22.113Z] >>> HTTP REQUEST GET https://appengine.googleapis.com/v1/apps/clientpanelprod-44302  
 
[debug] [2021-07-15T12:47:22.464Z] <<< HTTP RESPONSE 200 {"content-type":"application/json; charset=UTF-8","vary":"X-Origin, Referer, Origin,Accept-Encoding","date":"Thu, 15 Jul 2021 12:47:21 GMT","server":"ESF","cache-control":"private","x-xss-protection":"0","x-frame-options":"SAMEORIGIN","x-content-type-options":"nosniff","alt-svc":"h3=\":443\"; ma=2592000,h3-29=\":443\"; ma=2592000,h3-T051=\":443\"; ma=2592000,h3-Q050=\":443\"; ma=2592000,h3-Q046=\":443\"; ma=2592000,h3-Q043=\":443\"; ma=2592000,quic=\":443\"; ma=2592000; v=\"46,43\"","accept-ranges":"none","transfer-encoding":"chunked"}
[debug] [2021-07-15T12:47:22.465Z] database_type: CLOUD_FIRESTORE
[debug] [2021-07-15T12:47:22.466Z] > command requires scopes: ["email","openid","https://www.googleapis.com/auth/cloudplatformprojects.readonly","https://www.googleapis.com/auth/firebase","https://www.googleapis.com/auth/cloud-platform"]
[debug] [2021-07-15T12:47:22.467Z] > authorizing via signed-in user (igornesan@gmail.com)
[debug] [2021-07-15T12:47:22.467Z] [iam] checking project clientpanelprod-44302 for permissions ["firebase.projects.get"]
[debug] [2021-07-15T12:47:22.468Z] >>> HTTP REQUEST POST https://cloudresourcemanager.googleapis.com/v1/projects/clientpanelprod-44302:testIamPermissions  
 {"permissions":["firebase.projects.get"]}
[debug] [2021-07-15T12:47:23.257Z] <<< HTTP RESPONSE 200 {"content-type":"application/json; charset=UTF-8","vary":"X-Origin, Referer, Origin,Accept-Encoding","date":"Thu, 15 Jul 2021 12:47:22 GMT","server":"ESF","cache-control":"private","x-xss-protection":"0","x-frame-options":"SAMEORIGIN","x-content-type-options":"nosniff","server-timing":"gfet4t7; dur=672","alt-svc":"h3=\":443\"; ma=2592000,h3-29=\":443\"; ma=2592000,h3-T051=\":443\"; ma=2592000,h3-Q050=\":443\"; ma=2592000,h3-Q046=\":443\"; ma=2592000,h3-Q043=\":443\"; ma=2592000,quic=\":443\"; ma=2592000; v=\"46,43\"","accept-ranges":"none","transfer-encoding":"chunked"}
[info] 
[info] Firestore Security Rules allow you to define how and when to allow
[info] requests. You can keep these rules in your project directory
[info] and publish them with firebase deploy.
[info] 
[debug] [2021-07-15T12:47:30.308Z] >>> HTTP REQUEST GET https://firebaserules.googleapis.com/v1/projects/clientpanelprod-44302/releases?pageSize=10&pageToken=  
 
[debug] [2021-07-15T12:47:31.174Z] <<< HTTP RESPONSE 200 {"content-type":"application/json; charset=UTF-8","vary":"X-Origin, Referer, Origin,Accept-Encoding","date":"Thu, 15 Jul 2021 12:47:30 GMT","server":"ESF","cache-control":"private","x-xss-protection":"0","x-frame-options":"SAMEORIGIN","x-content-type-options":"nosniff","alt-svc":"h3=\":443\"; ma=2592000,h3-29=\":443\"; ma=2592000,h3-T051=\":443\"; ma=2592000,h3-Q050=\":443\"; ma=2592000,h3-Q046=\":443\"; ma=2592000,h3-Q043=\":443\"; ma=2592000,quic=\":443\"; ma=2592000; v=\"46,43\"","accept-ranges":"none","transfer-encoding":"chunked"}
[debug] [2021-07-15T12:47:31.178Z] Found ruleset: projects/clientpanelprod-44302/rulesets/416a31dc-e02d-43c4-85c7-2a777aa0c3d8
[debug] [2021-07-15T12:47:31.179Z] >>> HTTP REQUEST GET https://firebaserules.googleapis.com/v1/projects/clientpanelprod-44302/rulesets/416a31dc-e02d-43c4-85c7-2a777aa0c3d8  
 
[debug] [2021-07-15T12:47:31.996Z] <<< HTTP RESPONSE 200 {"content-type":"application/json; charset=UTF-8","vary":"X-Origin, Referer, Origin,Accept-Encoding","date":"Thu, 15 Jul 2021 12:47:31 GMT","server":"ESF","cache-control":"private","x-xss-protection":"0","x-frame-options":"SAMEORIGIN","x-content-type-options":"nosniff","alt-svc":"h3=\":443\"; ma=2592000,h3-29=\":443\"; ma=2592000,h3-T051=\":443\"; ma=2592000,h3-Q050=\":443\"; ma=2592000,h3-Q046=\":443\"; ma=2592000,h3-Q043=\":443\"; ma=2592000,quic=\":443\"; ma=2592000; v=\"46,43\"","accept-ranges":"none","transfer-encoding":"chunked"}
[info] 
[info] Firestore indexes allow you to perform complex queries while
[info] maintaining performance that scales with the size of the result
[info] set. You can keep index definitions in your project directory
[info] and publish them with firebase deploy.
[info] 
[debug] [2021-07-15T12:47:36.969Z] >>> HTTP REQUEST GET https://firestore.googleapis.com/v1/projects/clientpanelprod-44302/databases/(default)/collectionGroups/-/indexes  
 
[debug] [2021-07-15T12:47:36.969Z] >>> HTTP REQUEST GET https://firestore.googleapis.com/v1/projects/clientpanelprod-44302/databases/(default)/collectionGroups/-/fields?filter=indexConfig.usesAncestorConfig=false  
 
[debug] [2021-07-15T12:47:37.314Z] <<< HTTP RESPONSE 200 {"content-type":"application/json; charset=UTF-8","vary":"X-Origin, Referer, Origin,Accept-Encoding","date":"Thu, 15 Jul 2021 12:47:36 GMT","server":"ESF","cache-control":"private","x-xss-protection":"0","x-frame-options":"SAMEORIGIN","x-content-type-options":"nosniff","alt-svc":"h3=\":443\"; ma=2592000,h3-29=\":443\"; ma=2592000,h3-T051=\":443\"; ma=2592000,h3-Q050=\":443\"; ma=2592000,h3-Q046=\":443\"; ma=2592000,h3-Q043=\":443\"; ma=2592000,quic=\":443\"; ma=2592000; v=\"46,43\"","accept-ranges":"none","transfer-encoding":"chunked"}
[debug] [2021-07-15T12:47:37.317Z] <<< HTTP RESPONSE 200 {"content-type":"application/json; charset=UTF-8","vary":"X-Origin, Referer, Origin,Accept-Encoding","date":"Thu, 15 Jul 2021 12:47:36 GMT","server":"ESF","cache-control":"private","x-xss-protection":"0","x-frame-options":"SAMEORIGIN","x-content-type-options":"nosniff","alt-svc":"h3=\":443\"; ma=2592000,h3-29=\":443\"; ma=2592000,h3-T051=\":443\"; ma=2592000,h3-Q050=\":443\"; ma=2592000,h3-Q046=\":443\"; ma=2592000,h3-Q043=\":443\"; ma=2592000,quic=\":443\"; ma=2592000; v=\"46,43\"","accept-ranges":"none","transfer-encoding":"chunked"}
[info] 
=== Hosting Setup
[info] 
[info] Your public directory is the folder (relative to your project directory) that
[info] will contain Hosting assets to be uploaded with firebase deploy. If you
[info] have a build process for your assets, use your build's output directory.
[info] 
[debug] [2021-07-15T12:47:51.056Z] >>> [apiv2][query] GET https://www.gstatic.com/firebasejs/releases.json [none]
[debug] [2021-07-15T12:47:51.205Z] <<< [apiv2][status] GET https://www.gstatic.com/firebasejs/releases.json 200
[debug] [2021-07-15T12:47:51.206Z] <<< [apiv2][body] GET https://www.gstatic.com/firebasejs/releases.json {"current":{"version":"8.7.1","browserURL":"https://www.gstatic.com/firebasejs/8.7.1/firebase.js","packageURL":"https://www.gstatic.com/firebasejs/8.7.1/firebase.tgz"},"live":{"version":"8.7","browserURL":"https://www.gstatic.com/firebasejs/live/8.7/firebase.js","packageURL":"https://www.gstatic.com/firebasejs/live/8.7/firebase.tgz"},"components":{"analytics":"https://www.gstatic.com/firebasejs/8.7.1/firebase-analytics.js","app":"https://www.gstatic.com/firebasejs/8.7.1/firebase-app.js","app-check":"https://www.gstatic.com/firebasejs/8.7.1/firebase-app-check.js","auth":"https://www.gstatic.com/firebasejs/8.7.1/firebase-auth.js","database":"https://www.gstatic.com/firebasejs/8.7.1/firebase-database.js","firestore":"https://www.gstatic.com/firebasejs/8.7.1/firebase-firestore.js","functions":"https://www.gstatic.com/firebasejs/8.7.1/firebase-functions.js","installations":"https://www.gstatic.com/firebasejs/8.7.1/firebase-installations.js","messaging":"https://www.gstatic.com/firebasejs/8.7.1/firebase-messaging.js","storage":"https://www.gstatic.com/firebasejs/8.7.1/firebase-storage.js","performance":"https://www.gstatic.com/firebasejs/8.7.1/firebase-performance.js","remote-config":"https://www.gstatic.com/firebasejs/8.7.1/firebase-remote-config.js","firestore.memory":"https://www.gstatic.com/firebasejs/8.7.1/firebase-firestore.memory.js"}}
[info] +  Wrote public/index.html 
[info] 
[info] i  Detected a .git folder at C:\DiscF\HOMEWORK\Angular\Projects\clientpanel 
[info] i  Authorizing with GitHub to upload your service account to a GitHub repository's secrets store. 
[info] 
[info] Visit this URL on this device to log in:
[info] https://github.com/login/oauth/authorize?client_id=89cf50f02ac6aaed3484&state=858786631&redirect_uri=http%3A%2F%2Flocalhost%3A9005&scope=read%3Auser%20repo%20public_repo
[info] 
[info] Waiting for authentication...
[debug] [2021-07-15T12:47:55.479Z] >>> HTTP REQUEST POST https://github.com/login/oauth/access_token  
 {"client_id":"89cf50f02ac6aaed3484","client_secret":"3330d14abc895d9a74d5f17cd7a00711fa2c5bf0","code":"ae65f69fffc420977ba8","redirect_uri":"http://localhost:9005","state":"858786631"}
[debug] [2021-07-15T12:47:55.765Z] <<< HTTP RESPONSE 200 {"server":"GitHub.com","date":"Thu, 15 Jul 2021 12:47:55 GMT","content-type":"application/json; charset=utf-8","transfer-encoding":"chunked","vary":"X-PJAX, Accept-Encoding, Accept, X-Requested-With","permissions-policy":"interest-cohort=()","etag":"W/\"41b0a7044353bc9cb2fa9b8f4beb6679\"","cache-control":"max-age=0, private, must-revalidate","strict-transport-security":"max-age=31536000; includeSubdomains; preload","x-frame-options":"deny","x-content-type-options":"nosniff","x-xss-protection":"0","referrer-policy":"origin-when-cross-origin, strict-origin-when-cross-origin","expect-ct":"max-age=2592000, report-uri=\"https://api.github.com/_private/browser/errors\"","content-security-policy":"default-src 'none'; base-uri 'self'; block-all-mixed-content; connect-src 'self' uploads.github.com www.githubstatus.com collector.githubapp.com api.github.com github-cloud.s3.amazonaws.com github-production-repository-file-5c1aeb.s3.amazonaws.com github-production-upload-manifest-file-7fdce7.s3.amazonaws.com github-production-user-asset-6210df.s3.amazonaws.com cdn.optimizely.com logx.optimizely.com/v1/events translator.github.com wss://alive.github.com; font-src github.githubassets.com; form-action 'self' github.com gist.github.com; frame-ancestors 'none'; frame-src render.githubusercontent.com render-temp.githubusercontent.com viewscreen.githubusercontent.com; img-src 'self' data: github.githubassets.com identicons.github.com collector.githubapp.com github-cloud.s3.amazonaws.com secured-user-images.githubusercontent.com/ *.githubusercontent.com; manifest-src 'self'; media-src 'none'; script-src github.githubassets.com; style-src 'unsafe-inline' github.githubassets.com; worker-src github.com/socket-worker-3f088aa2.js gist.github.com/socket-worker-3f088aa2.js","x-github-request-id":"F9EC:E0E8:2873C1C:29D2B6D:60F02E7B"}
[debug] [2021-07-15T12:47:55.772Z] >>> [apiv2][query] GET https://api.github.com/user [none]
[debug] [2021-07-15T12:47:56.364Z] <<< [apiv2][status] GET https://api.github.com/user 200
[debug] [2021-07-15T12:47:56.365Z] <<< [apiv2][body] GET https://api.github.com/user {"login":"IgorNep","id":52207113,"node_id":"MDQ6VXNlcjUyMjA3MTEz","avatar_url":"https://avatars.githubusercontent.com/u/52207113?v=4","gravatar_id":"","url":"https://api.github.com/users/IgorNep","html_url":"https://github.com/IgorNep","followers_url":"https://api.github.com/users/IgorNep/followers","following_url":"https://api.github.com/users/IgorNep/following{/other_user}","gists_url":"https://api.github.com/users/IgorNep/gists{/gist_id}","starred_url":"https://api.github.com/users/IgorNep/starred{/owner}{/repo}","subscriptions_url":"https://api.github.com/users/IgorNep/subscriptions","organizations_url":"https://api.github.com/users/IgorNep/orgs","repos_url":"https://api.github.com/users/IgorNep/repos","events_url":"https://api.github.com/users/IgorNep/events{/privacy}","received_events_url":"https://api.github.com/users/IgorNep/received_events","type":"User","site_admin":false,"name":"Igor Nepomyashchyy","company":null,"blog":"","location":"Kiev/Odessa","email":null,"hireable":null,"bio":null,"twitter_username":null,"public_repos":43,"public_gists":0,"followers":1,"following":24,"created_at":"2019-06-25T13:34:50Z","updated_at":"2021-07-15T12:28:01Z","private_gists":0,"total_private_repos":7,"owned_private_repos":7,"disk_usage":221864,"collaborators":0,"two_factor_authentication":false,"plan":{"name":"free","space":976562499,"collaborators":0,"private_repos":10000}}
[info] 
[info] +  Success! Logged into GitHub as IgorNep 
[info] 
